[debug] > Exec(early(addDefaultCommands), None, None)
[debug] > Exec(addDefaultCommands, None, None)
[debug] > Exec(early(initialize), None, None)
[debug] > Exec(initialize, None, None)
[debug] > Exec(boot, None, None)
[debug] > Exec(writeSbtVersion, None, None)
[debug] > Exec(reload, None, None)
[debug] > Exec(sbtStashOnFailure, None, None)
[debug] > Exec(onFailure loadFailed, None, None)
[debug] > Exec(loadp, None, None)
[info] welcome to sbt 1.5.4 (Oracle Corporation Java 1.8.0_191)
[debug]       Load.loadUnit: plugins took 129.486719ms
[debug]       Load.loadUnit: defsScala took 0.660796ms
[debug] [Loading] Scanning directory C:\Users\Samikshay\.sbt\1.0\plugins
[debug] [Loading] Found non-root projects 
[debug] [Loading] Done in C:\Users\Samikshay\.sbt\1.0\plugins, returning: ()
[debug] deducing auto plugins based on known facts Set(Atom(sbt.plugins.CorePlugin)) and clauses Clauses(Clause(Atom(sbt.plugins.JvmPlugin),Set(Atom(sbt.plugins.IvyPlugin)))
[debug] Clause(Atom(sbt.ScriptedPlugin),Set(Atom(sbt.plugins.JvmPlugin)))
[debug] Clause(Atom(sbt.plugins.SbtPlugin),Set(Atom(sbt.ScriptedPlugin)))
[debug] Clause(Atom(sbt.plugins.SemanticdbPlugin),Set(Atom(sbt.plugins.JvmPlugin)))
[debug] Clause(Atom(sbt.plugins.JUnitXmlReportPlugin),Set(Atom(sbt.plugins.JvmPlugin)))
[debug] Clause(Atom(sbt.plugins.MiniDependencyTreePlugin),Set(Atom(sbt.plugins.JvmPlugin)))
[debug] Clause(Atom(sbt.plugins.CorePlugin),Set(Atom(sbt.plugins.IvyPlugin)))
[debug] Clause(Atom(sbt.plugins.IvyPlugin),Set(Atom(sbt.plugins.JvmPlugin)))
[debug] Clause(Atom(sbt.plugins.JvmPlugin),Set(Atom(sbt.plugins.SemanticdbPlugin)))
[debug] Clause(Atom(sbt.plugins.JvmPlugin),Set(Atom(sbt.plugins.JUnitXmlReportPlugin)))
[debug] Clause(Atom(sbt.plugins.CorePlugin),Set(Atom(sbt.plugins.Giter8TemplatePlugin)))
[debug] Clause(Atom(sbt.plugins.JvmPlugin),Set(Atom(sbt.plugins.MiniDependencyTreePlugin))))
[debug]   :: deduced result: Matched(sbt.plugins.CorePlugin,sbt.plugins.Giter8TemplatePlugin,sbt.plugins.IvyPlugin,sbt.plugins.JvmPlugin,sbt.plugins.MiniDependencyTreePlugin,sbt.plugins.JUnitXmlReportPlugin,sbt.plugins.SemanticdbPlugin)
[debug] Plugins.deducer#function took 28.942372 ms
[debug]           Load.resolveProject(global-plugins) took 60.780165ms
[debug]         Load.loadTransitive: finalizeProject(Project(id global-plugins, base: C:\Users\Samikshay\.sbt\1.0\plugins, plugins: List(<none>))) took 129.341849ms
[debug] [Loading] Done in C:\Users\Samikshay\.sbt\1.0\plugins, returning: (global-plugins)
[debug]       Load.loadUnit: loadedProjectsRaw took 168.478788ms
[debug]       Load.loadUnit: cleanEvalClasses took 0.392767ms
[debug]     Load.loadUnit(file:/C:/Users/Samikshay/.sbt/1.0/plugins/, ...) took 312.643932ms
[debug]   Load.apply: load took 846.948064ms
[debug]   Load.apply: resolveProjects took 34.638477ms
[debug]   Load.apply: finalTransforms took 104.300303ms
[debug]   Load.apply: config.delegates took 12.398404ms
[debug]   Load.apply: Def.make(settings)... took 1001.376855ms
[debug]   Load.apply: structureIndex took 198.690646ms
[debug]   Load.apply: mkStreams took 2.736341ms
[info] loading global plugins from C:\Users\Samikshay\.sbt\1.0\plugins
[debug] Running task... Cancel: Signal, check cycles: false, forcegc: true
[debug] Load.defaultLoad until apply took 9559.704497ms
[debug]           Load.loadUnit: plugins took 33.655178ms
[debug]           Load.loadUnit: defsScala took 0.003947ms
[debug] [Loading] Scanning directory C:\Users\Samikshay\IdeaProjects\HelloSpark\project
[debug] [Loading] Found non-root projects 
[debug] [Loading] Done in C:\Users\Samikshay\IdeaProjects\HelloSpark\project, returning: ()
[debug] deducing auto plugins based on known facts Set(Atom(sbt.plugins.CorePlugin)) and clauses Clauses(Clause(Atom(sbt.plugins.JvmPlugin),Set(Atom(sbt.plugins.IvyPlugin)))
[debug] Clause(Atom(sbt.ScriptedPlugin),Set(Atom(sbt.plugins.JvmPlugin)))
[debug] Clause(Atom(sbt.plugins.SbtPlugin),Set(Atom(sbt.ScriptedPlugin)))
[debug] Clause(Atom(sbt.plugins.SemanticdbPlugin),Set(Atom(sbt.plugins.JvmPlugin)))
[debug] Clause(Atom(sbt.plugins.JUnitXmlReportPlugin),Set(Atom(sbt.plugins.JvmPlugin)))
[debug] Clause(Atom(sbt.plugins.MiniDependencyTreePlugin),Set(Atom(sbt.plugins.JvmPlugin)))
[debug] Clause(Atom(sbt.plugins.CorePlugin),Set(Atom(sbt.plugins.IvyPlugin)))
[debug] Clause(Atom(sbt.plugins.IvyPlugin),Set(Atom(sbt.plugins.JvmPlugin)))
[debug] Clause(Atom(sbt.plugins.JvmPlugin),Set(Atom(sbt.plugins.SemanticdbPlugin)))
[debug] Clause(Atom(sbt.plugins.JvmPlugin),Set(Atom(sbt.plugins.JUnitXmlReportPlugin)))
[debug] Clause(Atom(sbt.plugins.CorePlugin),Set(Atom(sbt.plugins.Giter8TemplatePlugin)))
[debug] Clause(Atom(sbt.plugins.JvmPlugin),Set(Atom(sbt.plugins.MiniDependencyTreePlugin))))
[debug]   :: deduced result: Matched(sbt.plugins.CorePlugin,sbt.plugins.Giter8TemplatePlugin,sbt.plugins.IvyPlugin,sbt.plugins.JvmPlugin,sbt.plugins.MiniDependencyTreePlugin,sbt.plugins.JUnitXmlReportPlugin,sbt.plugins.SemanticdbPlugin)
[debug] Plugins.deducer#function took 4.443989 ms
[debug]               Load.resolveProject(hellospark-build) took 2.057388ms
[debug]             Load.loadTransitive: finalizeProject(Project(id hellospark-build, base: C:\Users\Samikshay\IdeaProjects\HelloSpark\project, plugins: List(<none>))) took 7.653228ms
[debug] [Loading] Done in C:\Users\Samikshay\IdeaProjects\HelloSpark\project, returning: (hellospark-build)
[debug]           Load.loadUnit: loadedProjectsRaw took 11.047207ms
[debug]           Load.loadUnit: cleanEvalClasses took 0.024079ms
[debug]         Load.loadUnit(file:/C:/Users/Samikshay/IdeaProjects/HelloSpark/project/, ...) took 46.085951ms
[debug]       Load.apply: load took 48.973083ms
[debug]       Load.apply: resolveProjects took 0.313819ms
[debug]       Load.apply: finalTransforms took 18.429644ms
[debug]       Load.apply: config.delegates took 0.70698ms
[debug]       Load.apply: Def.make(settings)... took 205.077942ms
[debug]       Load.apply: structureIndex took 55.499722ms
[debug]       Load.apply: mkStreams took 0.003158ms
[info] loading project definition from C:\Users\Samikshay\IdeaProjects\HelloSpark\project
[debug] Running task... Cancel: Signal, check cycles: false, forcegc: true
[debug]     Load.loadUnit: plugins took 1178.745988ms
[debug]     Load.loadUnit: defsScala took 0.003158ms
[debug] [Loading] Scanning directory C:\Users\Samikshay\IdeaProjects\HelloSpark
[debug]       Load.loadUnit: mkEval took 10.47957ms
[debug] [Loading] Found non-root projects 
[debug] [Loading] Done in C:\Users\Samikshay\IdeaProjects\HelloSpark, returning: ()
[debug] deducing auto plugins based on known facts Set(Atom(sbt.plugins.CorePlugin)) and clauses Clauses(Clause(Atom(sbt.plugins.JvmPlugin),Set(Atom(sbt.plugins.IvyPlugin)))
[debug] Clause(Atom(sbt.ScriptedPlugin),Set(Atom(sbt.plugins.JvmPlugin)))
[debug] Clause(Atom(sbt.plugins.SbtPlugin),Set(Atom(sbt.ScriptedPlugin)))
[debug] Clause(Atom(sbt.plugins.SemanticdbPlugin),Set(Atom(sbt.plugins.JvmPlugin)))
[debug] Clause(Atom(sbt.plugins.JUnitXmlReportPlugin),Set(Atom(sbt.plugins.JvmPlugin)))
[debug] Clause(Atom(sbt.plugins.MiniDependencyTreePlugin),Set(Atom(sbt.plugins.JvmPlugin)))
[debug] Clause(Atom(sbt.plugins.CorePlugin),Set(Atom(sbt.plugins.IvyPlugin)))
[debug] Clause(Atom(sbt.plugins.IvyPlugin),Set(Atom(sbt.plugins.JvmPlugin)))
[debug] Clause(Atom(sbt.plugins.JvmPlugin),Set(Atom(sbt.plugins.SemanticdbPlugin)))
[debug] Clause(Atom(sbt.plugins.JvmPlugin),Set(Atom(sbt.plugins.JUnitXmlReportPlugin)))
[debug] Clause(Atom(sbt.plugins.CorePlugin),Set(Atom(sbt.plugins.Giter8TemplatePlugin)))
[debug] Clause(Atom(sbt.plugins.JvmPlugin),Set(Atom(sbt.plugins.MiniDependencyTreePlugin))))
[debug]   :: deduced result: Matched(sbt.plugins.CorePlugin,sbt.plugins.Giter8TemplatePlugin,sbt.plugins.IvyPlugin,sbt.plugins.JvmPlugin,sbt.plugins.MiniDependencyTreePlugin,sbt.plugins.JUnitXmlReportPlugin,sbt.plugins.SemanticdbPlugin)
[debug] Plugins.deducer#function took 5.704 ms
[info] loading settings for project hellospark from build.sbt ...
[debug]         Load.resolveProject(hellospark) took 7.974942ms
[debug]       Load.loadTransitive: finalizeProject(Project(id hellospark, base: C:\Users\Samikshay\IdeaProjects\HelloSpark, plugins: List(<none>))) took 15.075929ms
[debug] [Loading] Done in C:\Users\Samikshay\IdeaProjects\HelloSpark, returning: (hellospark)
[debug]     Load.loadUnit: loadedProjectsRaw took 5593.683363ms
[debug]     Load.loadUnit: cleanEvalClasses took 62.718735ms
[debug]   Load.loadUnit(file:/C:/Users/Samikshay/IdeaProjects/HelloSpark/, ...) took 6836.154676ms
[debug] Load.apply: load took 6838.106272ms
[debug] Load.apply: resolveProjects took 0.195791ms
[debug] Load.apply: finalTransforms took 12.933672ms
[debug] Load.apply: config.delegates took 0.586584ms
[debug] Load.apply: Def.make(settings)... took 123.119161ms
[debug] Load.apply: structureIndex took 44.935282ms
[debug] Load.apply: mkStreams took 0.003552ms
[info] set current project to HelloSpark (in build file:/C:/Users/Samikshay/IdeaProjects/HelloSpark/)
[debug] > Exec(sbtPopOnFailure, None, None)
[debug] > Exec(resumeFromFailure, None, None)
[debug] > Exec(notifyUsersAboutShell, None, None)
[debug] > Exec(iflast shell, None, None)
[debug] > Exec(shell, None, None)
[info] sbt server started at local:sbt-server-dcdfd5a02cc2753d9eb2
[debug] Writing bsp connection file
[info] started sbt server
